mode: set
github.com/aimerzarashi/timeslice/collection.go:20.74,22.44 1 1
github.com/aimerzarashi/timeslice/collection.go:22.44,24.3 1 1
github.com/aimerzarashi/timeslice/collection.go:27.2,27.40 1 1
github.com/aimerzarashi/timeslice/collection.go:27.40,28.66 1 1
github.com/aimerzarashi/timeslice/collection.go:28.66,30.4 1 1
github.com/aimerzarashi/timeslice/collection.go:33.2,34.25 2 1
github.com/aimerzarashi/timeslice/collection.go:34.25,36.3 1 1
github.com/aimerzarashi/timeslice/collection.go:36.8,38.3 1 1
github.com/aimerzarashi/timeslice/collection.go:40.2,42.8 1 1
github.com/aimerzarashi/timeslice/collection.go:45.44,47.2 1 1
github.com/aimerzarashi/timeslice/collection.go:49.68,50.28 1 1
github.com/aimerzarashi/timeslice/collection.go:50.28,51.27 1 1
github.com/aimerzarashi/timeslice/collection.go:51.27,53.4 1 1
github.com/aimerzarashi/timeslice/collection.go:56.2,56.35 1 1
github.com/aimerzarashi/timeslice/collection.go:59.70,64.28 3 1
github.com/aimerzarashi/timeslice/collection.go:64.28,66.17 2 1
github.com/aimerzarashi/timeslice/collection.go:66.17,68.4 1 0
github.com/aimerzarashi/timeslice/collection.go:70.3,70.39 1 1
github.com/aimerzarashi/timeslice/collection.go:74.2,74.41 1 1
github.com/aimerzarashi/timeslice/collection.go:74.41,76.3 1 1
github.com/aimerzarashi/timeslice/collection.go:79.2,80.16 2 1
github.com/aimerzarashi/timeslice/collection.go:80.16,82.3 1 0
github.com/aimerzarashi/timeslice/collection.go:83.2,83.19 1 1
github.com/aimerzarashi/timeslice/value.go:24.74,25.22 1 1
github.com/aimerzarashi/timeslice/value.go:25.22,27.3 1 1
github.com/aimerzarashi/timeslice/value.go:28.2,28.20 1 1
github.com/aimerzarashi/timeslice/value.go:28.20,30.3 1 1
github.com/aimerzarashi/timeslice/value.go:31.2,31.32 1 1
github.com/aimerzarashi/timeslice/value.go:31.32,33.3 1 1
github.com/aimerzarashi/timeslice/value.go:34.2,38.8 1 1
github.com/aimerzarashi/timeslice/value.go:41.29,43.2 1 1
github.com/aimerzarashi/timeslice/value.go:45.39,47.2 1 1
github.com/aimerzarashi/timeslice/value.go:49.37,51.2 1 1
github.com/aimerzarashi/timeslice/value.go:53.46,55.2 1 1
github.com/aimerzarashi/timeslice/value.go:58.63,60.41 1 1
github.com/aimerzarashi/timeslice/value.go:60.41,62.3 1 1
github.com/aimerzarashi/timeslice/value.go:65.2,65.41 1 1
github.com/aimerzarashi/timeslice/value.go:65.41,67.3 1 1
github.com/aimerzarashi/timeslice/value.go:70.2,70.82 1 1
github.com/aimerzarashi/timeslice/value.go:70.82,72.3 1 1
github.com/aimerzarashi/timeslice/value.go:75.2,75.80 1 1
github.com/aimerzarashi/timeslice/value.go:75.80,79.17 2 1
github.com/aimerzarashi/timeslice/value.go:79.17,81.4 1 0
github.com/aimerzarashi/timeslice/value.go:84.3,85.17 2 1
github.com/aimerzarashi/timeslice/value.go:85.17,87.4 1 0
github.com/aimerzarashi/timeslice/value.go:89.3,89.43 1 1
github.com/aimerzarashi/timeslice/value.go:93.2,93.78 1 1
github.com/aimerzarashi/timeslice/value.go:93.78,95.17 2 1
github.com/aimerzarashi/timeslice/value.go:95.17,97.4 1 0
github.com/aimerzarashi/timeslice/value.go:98.3,98.33 1 1
github.com/aimerzarashi/timeslice/value.go:102.2,102.80 1 1
github.com/aimerzarashi/timeslice/value.go:102.80,104.17 2 1
github.com/aimerzarashi/timeslice/value.go:104.17,106.4 1 0
github.com/aimerzarashi/timeslice/value.go:107.3,107.35 1 1
github.com/aimerzarashi/timeslice/value.go:110.2,110.32 1 0
github.com/aimerzarashi/timeslice/internal/helper/test.go:9.75,11.16 2 0
github.com/aimerzarashi/timeslice/internal/helper/test.go:11.16,12.13 1 0
github.com/aimerzarashi/timeslice/internal/helper/test.go:14.2,14.13 1 0
